OMP: Info #276: omp_set_nested routine deprecated, please use omp_set_max_active_levels instead.
  cutout Indian oil sardine
  cutout Skipjack tuna
  cutout Red snapper
  cutout Nassau grouper
  cutout Atlantic blue tang
  cutout Blue tang
  cutout Yellow tang
  cutout Yellowfin goatfish
  cutout Cardinal tetra
  cutout Neon tetra
  cutout Zebrafish
  cutout Tiger barb
  cutout Harlequin rasbora
  cutout Moorish idol
  cutout Red lionfish
  cutout Threadfin butterflyfish
  cutout Raccoon butterflyfish
  cutout Clown anemonefish
  cutout Orange clownfish
  cutout Blue-green chromis
  cutout Humbug dascyllus
  cutout Sapphire devil
  cutout Neon goby
  cutout Bicolor blenny
  cutout Banggai cardinalfish
  cutout Clown triggerfish
  cutout Picasso triggerfish
  cutout Yellow boxfish
  cutout Longnose hawkfish
  cutout Emperor angelfish
  cutout Bicolor angelfish
  cutout Bluehead wrasse
  cutout Cleaner wrasse
  cutout Quoy's parrotfish
  cutout Sea goldie (anthias)
  cutout Frontosa cichlid
  cutout Discus
  cutout Freshwater angelfish
  cutout Cockatoo dwarf cichlid
  cutout Fairy cichlid
  cutout Blunthead cichlid
  cutout Zebra mbuna
  cutout Peacock cichlid
  cutout Dwarf gourami
  cutout Three-spot gourami
  cutout Paradise fish
  cutout Siamese fighting fish
  cutout Three-spined stickleback
  cutout Sailfin molly
  cutout Southern platyfish
  cutout Green swordtail
  cutout Guppy
  cutout Endler's livebearer
  cutout Solor fairy wrasse
  cutout Carpenter's flasher wrasse
  cutout Mandarinfish
  cutout Psychedelic mandarin
  cutout Common seahorse
  cutout Indian mackerel
  cutout Bigeye scad
  cutout Giant trevally
  cutout Flathead mullet
  cutout Milkfish
  cutout Great barracuda
  cutout Pacific sardine
  cutout Bluestripe snapper
  cutout Bluestriped grunt
  cutout Powder blue tang
  cutout Purple tang
  cutout Sailfin tang
  cutout Orangespine unicornfish
  cutout Foxface rabbitfish
  cutout Masked butterflyfish
  cutout Pennant bannerfish
  cutout Longnose butterflyfish
  cutout Flame angelfish
  cutout Swallowtail angelfish
  cutout Queen angelfish
  cutout Regal angelfish
  cutout French angelfish
  cutout Rock beauty
  cutout Yellowtail coris
  cutout Bird wrasse
  cutout Leopard wrasse
  cutout Spanish hogfish
  cutout Sixline wrasse
  cutout Filamented flasher wrasse
  cutout Longfin fairy wrasse
  cutout Stoplight parrotfish
  cutout Bullethead parrotfish
  cutout Maroon clownfish
  cutout Tomato clownfish
  cutout Blue chromis
  cutout Bicolor damselfish
  cutout Royal gramma
  cutout Orchid dottyback
  cutout Royal dottyback
  cutout Purple anthias
  cutout Peach anthias
  cutout Barred hamlet
  cutout Harlequin bass
  cutout Fire goby
  cutout Elegant firefish
  cutout Yellow watchman goby
  cutout Yellowhead jawfish
  cutout Scooter dragonet
  cutout Spotted boxfish
  cutout Redtooth triggerfish
  cutout Orange-lined triggerfish
  cutout Valentini puffer
  cutout Lined seahorse
  cutout Longsnout seahorse
  cutout Banded pipefish
  cutout Burton's mouthbrooder
  cutout Electric blue ahli
  cutout Redfin hap
  cutout Yellow lab
  cutout Auratus cichlid
  cutout Fuelleborni mbuna
  cutout Venustus
  cutout Marlier's julie
  cutout Daffodil cichlid
  cutout Midas cichlid
  cutout Firemouth cichlid
  cutout Kribensis
  cutout Jewel cichlid
  cutout Blue acara
  cutout Eartheater cichlid
  cutout Turquoise killifish
  cutout Lyretail killifish
  cutout Variable platyfish
  cutout Common molly
  cutout Western mosquitofish
  cutout Red rainbowfish
  cutout Pearl gourami
  cutout Honey gourami
  cutout Chocolate gourami
  cutout Peaceful betta
  cutout Lemon tetra
  cutout Glowlight tetra
  cutout Rosy barb
  cutout Bronze cory
  cutout Bristlenose pleco

143 cutouts in data/cutouts/
