OMP: Info #276: omp_set_nested routine deprecated, please use omp_set_max_active_levels instead.
[  0] ok     Indian oil sardine                 score=0.214 asp=2.61 sol=0.87
[  1] ok     Skipjack tuna                      score=0.671 asp=2.09 sol=0.89
[  2] ok     Red snapper                        score=0.527 asp=2.68 sol=0.86
[  3] ok     Nassau grouper                     score=0.924 asp=1.76 sol=0.91
[  4] ok     Atlantic blue tang                 score=0.832 asp=2.13 sol=0.84
[  5] ok     Blue tang                          score=0.834 asp=1.65 sol=0.87
[  6] ok     Yellow tang                        score=1.183 asp=1.74 sol=0.89
[  7] REJECT Yellowfin goatfish                 score=0.133 
[  8] ok     Cardinal tetra                     score=0.377 asp=2.57 sol=0.77
[  9] REJECT Neon tetra                         score=0.000 fragmented
[ 10] ok     Zebrafish                          score=0.312 asp=1.96 sol=0.81
[ 11] ok     Tiger barb                         score=0.363 asp=2.89 sol=0.85
[ 12] REJECT Harlequin rasbora                  score=0.136 
[ 13] ok     Moorish idol                       score=0.338 asp=1.67 sol=0.91
[ 14] ok     Red lionfish                       score=0.473 asp=1.35 sol=0.84
[ 15] ok     Threadfin butterflyfish            score=0.699 asp=1.56 sol=0.91
[ 16] ok     Raccoon butterflyfish              score=0.792 asp=1.61 sol=0.87
[ 17] ok     Clown anemonefish                  score=0.538 asp=1.85 sol=0.85
[ 18] ok     Orange clownfish                   score=0.452 asp=2.07 sol=0.87
[ 19] ok     Blue-green chromis                 score=0.782 asp=1.88 sol=0.76
[ 20] ok     Humbug dascyllus                   score=0.609 asp=1.63 sol=0.88
[ 21] ok     Sapphire devil                     score=1.194 asp=1.90 sol=0.91
[ 22] ok     Neon goby                          score=0.339 asp=1.31 sol=0.93
[ 23] ok     Bicolor blenny                     score=0.384 asp=3.11 sol=0.88
[ 24] ok     Banggai cardinalfish               score=0.179 asp=1.46 sol=0.77
[ 25] ok     Clown triggerfish                  score=0.724 asp=1.71 sol=0.84
[ 26] ok     Picasso triggerfish                score=0.813 asp=1.74 sol=0.89
[ 27] ok     Yellow boxfish                     score=0.797 asp=1.54 sol=0.91
[ 28] ok     Longnose hawkfish                  score=0.297 asp=2.89 sol=0.84
[ 29] ok     Emperor angelfish                  score=0.855 asp=1.91 sol=0.84
[ 30] ok     Bicolor angelfish                  score=1.108 asp=1.73 sol=0.83
[ 31] ok     Bluehead wrasse                    score=0.658 asp=1.99 sol=0.92
[ 32] ok     Cleaner wrasse                     score=0.556 asp=1.38 sol=0.80
[ 33] ok     Quoy's parrotfish                  score=0.539 asp=1.94 sol=0.78
[ 34] ok     Sea goldie (anthias)               score=0.633 asp=2.35 sol=0.79
[ 35] ok     Frontosa cichlid                   score=0.366 asp=2.28 sol=0.95
[ 36] ok     Discus                             score=0.255 asp=1.11 sol=0.91
[ 37] REJECT Freshwater angelfish               score=0.111 
[ 38] REJECT Ram cichlid                        score=-1.000 
[ 39] ok     Cockatoo dwarf cichlid             score=0.170 asp=1.69 sol=0.82
[ 40] REJECT Fairy cichlid                      score=0.097 
[ 41] ok     Blunthead cichlid                  score=0.266 asp=2.82 sol=0.89
[ 42] ok     Zebra mbuna                        score=0.586 asp=2.41 sol=0.85
[ 43] REJECT Powder-blue mbuna                  score=-1.000 
[ 44] ok     Peacock cichlid                    score=0.515 asp=2.57 sol=0.92
[ 45] REJECT Boeseman's rainbowfish             score=-1.000 
[ 46] REJECT Dwarf neon rainbowfish             score=-1.000 
[ 47] ok     Dwarf gourami                      score=0.697 asp=2.05 sol=0.91
[ 48] ok     Three-spot gourami                 score=0.526 asp=2.62 sol=0.90
[ 49] ok     Paradise fish                      score=0.393 asp=2.70 sol=0.80
[ 50] ok     Siamese fighting fish              score=0.745 asp=2.01 sol=0.83
[ 51] ok     Three-spined stickleback           score=0.405 asp=2.11 sol=0.80
[ 52] ok     Sailfin molly                      score=0.469 asp=2.18 sol=0.90
[ 53] ok     Southern platyfish                 score=0.501 asp=2.23 sol=0.83
[ 54] ok     Green swordtail                    score=0.385 asp=2.37 sol=0.80
[ 55] ok     Guppy                              score=0.226 asp=3.13 sol=0.82
[ 56] REJECT Endler's livebearer                score=0.004 
[ 57] ok     Solor fairy wrasse                 score=0.832 asp=1.92 sol=0.84
[ 58] ok     Carpenter's flasher wrasse         score=0.541 asp=1.73 sol=0.85
[ 59] ok     Mandarinfish                       score=0.751 asp=1.62 sol=0.86
[ 60] ok     Psychedelic mandarin               score=0.519 asp=1.54 sol=0.84
[ 61] ok     Common seahorse                    score=0.322 asp=2.30 sol=0.80
[ 62] REJECT White-spotted pufferfish           score=0.000 empty
[ 63] REJECT Indian mackerel                    score=0.101 
[ 64] ok     Bigeye scad                        score=0.313 asp=1.01 sol=0.95
[ 65] ok     Giant trevally                     score=0.410 asp=2.00 sol=0.91
[ 66] ok     Flathead mullet                    score=0.371 asp=1.58 sol=0.90
[ 67] ok     Milkfish                           score=0.374 asp=2.50 sol=0.88
[ 68] ok     Great barracuda                    score=0.668 asp=1.78 sol=0.81
[ 69] ok     Pacific sardine                    score=0.234 asp=3.13 sol=0.86
[ 70] ok     Bluestripe snapper                 score=0.744 asp=2.46 sol=0.78
[ 71] ok     Bluestriped grunt                  score=0.990 asp=1.85 sol=0.92
[ 72] ok     Powder blue tang                   score=0.941 asp=1.87 sol=0.87
[ 73] ok     Purple tang                        score=0.757 asp=1.44 sol=0.88
[ 74] ok     Sailfin tang                       score=0.637 asp=2.19 sol=0.88
[ 75] ok     Orangespine unicornfish            score=0.486 asp=2.03 sol=0.79
[ 76] ok     Foxface rabbitfish                 score=1.169 asp=1.78 sol=0.88
[ 77] ok     Masked butterflyfish               score=0.702 asp=1.38 sol=0.93
[ 78] ok     Pennant bannerfish                 score=0.386 asp=1.13 sol=0.93
[ 79] ok     Longnose butterflyfish             score=0.890 asp=1.79 sol=0.92
[ 80] ok     Flame angelfish                    score=0.886 asp=1.49 sol=0.89
[ 81] ok     Swallowtail angelfish              score=0.888 asp=2.09 sol=0.83
[ 82] ok     Queen angelfish                    score=0.842 asp=1.72 sol=0.88
[ 83] ok     Regal angelfish                    score=1.004 asp=1.85 sol=0.89
[ 84] ok     French angelfish                   score=0.542 asp=1.45 sol=0.82
[ 85] ok     Rock beauty                        score=1.065 asp=1.74 sol=0.87
[ 86] ok     Yellowtail coris                   score=0.791 asp=1.62 sol=0.91
[ 87] ok     Bird wrasse                        score=0.507 asp=3.00 sol=0.79
[ 88] ok     Leopard wrasse                     score=0.782 asp=1.92 sol=0.88
[ 89] ok     Spanish hogfish                    score=0.645 asp=2.00 sol=0.92
[ 90] ok     Sixline wrasse                     score=0.613 asp=2.26 sol=0.89
[ 91] ok     Filamented flasher wrasse          score=0.608 asp=2.35 sol=0.83
[ 92] ok     Longfin fairy wrasse               score=0.257 asp=2.95 sol=0.96
[ 93] ok     Stoplight parrotfish               score=0.717 asp=2.21 sol=0.88
[ 94] ok     Bullethead parrotfish              score=0.886 asp=2.47 sol=0.87
[ 95] ok     Maroon clownfish                   score=0.711 asp=1.44 sol=0.89
[ 96] ok     Tomato clownfish                   score=0.740 asp=1.61 sol=0.86
[ 97] ok     Blue chromis                       score=0.586 asp=2.24 sol=0.72
[ 98] ok     Bicolor damselfish                 score=0.666 asp=2.46 sol=0.86
[ 99] ok     Royal gramma                       score=0.751 asp=1.15 sol=0.87
[100] ok     Orchid dottyback                   score=0.578 asp=2.58 sol=0.81
[101] ok     Royal dottyback                    score=1.082 asp=2.37 sol=0.84
[102] ok     Purple anthias                     score=0.641 asp=1.71 sol=0.80
[103] ok     Peach anthias                      score=0.242 asp=1.91 sol=0.82
[104] ok     Barred hamlet                      score=0.683 asp=2.11 sol=0.89
[105] ok     Harlequin bass                     score=0.566 asp=2.55 sol=0.85
[106] REJECT Fire goby                          score=0.029 
[107] ok     Elegant firefish                   score=0.254 asp=2.39 sol=0.72
[108] ok     Yellow watchman goby               score=0.401 asp=1.79 sol=0.79
[109] ok     Yellowhead jawfish                 score=0.422 asp=1.45 sol=0.92
[110] ok     Scooter dragonet                   score=0.532 asp=1.90 sol=0.84
[111] ok     Spotted boxfish                    score=0.584 asp=2.29 sol=0.92
[112] ok     Redtooth triggerfish               score=0.642 asp=1.43 sol=0.76
[113] ok     Orange-lined triggerfish           score=0.744 asp=2.00 sol=0.86
[114] ok     Valentini puffer                   score=0.589 asp=2.56 sol=0.89
[115] ok     Lined seahorse                     score=0.417 asp=1.61 sol=0.79
[116] ok     Longsnout seahorse                 score=0.294 asp=0.91 sol=0.84
[117] REJECT Banded pipefish                    score=0.052 
[118] ok     Burton's mouthbrooder              score=0.462 asp=2.44 sol=0.85
[119] REJECT Pundamilia                         score=-1.000 
[120] ok     Electric blue ahli                 score=0.653 asp=2.85 sol=0.90
[121] ok     Redfin hap                         score=0.674 asp=2.31 sol=0.83
[122] ok     Yellow lab                         score=0.716 asp=2.37 sol=0.93
[123] ok     Auratus cichlid                    score=0.525 asp=2.51 sol=0.86
[124] ok     Fuelleborni mbuna                  score=0.718 asp=2.32 sol=0.89
[125] ok     Venustus                           score=0.476 asp=2.12 sol=0.84
[126] REJECT Marlier's julie                    score=0.125 
[127] REJECT Shell-dweller cichlid              score=-1.000 
[128] ok     Daffodil cichlid                   score=0.164 asp=2.32 sol=0.75
[129] ok     Midas cichlid                      score=1.030 asp=1.74 sol=0.83
[130] ok     Firemouth cichlid                  score=0.428 asp=2.21 sol=0.82
[131] ok     Kribensis                          score=0.327 asp=2.68 sol=0.90
[132] ok     Jewel cichlid                      score=0.475 asp=1.91 sol=0.82
[133] ok     Blue acara                         score=0.495 asp=2.08 sol=0.88
[134] ok     Eartheater cichlid                 score=0.431 asp=2.05 sol=0.85
[135] REJECT Rachow's nothobranch               score=-1.000 
[136] ok     Turquoise killifish                score=0.229 asp=2.82 sol=0.88
[137] REJECT Blue lyretail killifish            score=-1.000 
[138] ok     Lyretail killifish                 score=0.190 asp=2.21 sol=0.86
[139] ok     Variable platyfish                 score=0.488 asp=2.32 sol=0.85
[140] ok     Common molly                       score=0.347 asp=1.96 sol=0.78
[141] REJECT Metallic livebearer                score=-1.000 
[142] ok     Western mosquitofish               score=0.204 asp=2.91 sol=0.78
[143] REJECT Red rainbowfish                    score=0.015 
[144] REJECT Forktail blue-eye                  score=-1.000 
[145] ok     Pearl gourami                      score=0.558 asp=2.17 sol=0.88
[146] ok     Honey gourami                      score=0.298 asp=1.36 sol=0.91
[147] ok     Chocolate gourami                  score=0.464 asp=2.42 sol=0.91
[148] ok     Peaceful betta                     score=0.529 asp=1.82 sol=0.80
[149] REJECT Emperor tetra                      score=-1.000 
[150] REJECT Lemon tetra                        score=0.078 
[151] REJECT Glowlight tetra                    score=0.000 empty
[152] ok     Rosy barb                          score=0.332 asp=2.51 sol=0.85
[153] REJECT Celestial pearl danio              score=-1.000 
[154] ok     Bronze cory                        score=0.762 asp=1.96 sol=0.91
[155] REJECT Bristlenose pleco                  score=0.152 

129 cut-outs accepted, 27 species rejected
   reject: Yellowfin goatfish 0.133 low score
   reject: Neon tetra 0.0 fragmented
   reject: Harlequin rasbora 0.136 low score
   reject: Freshwater angelfish 0.111 low score
   reject: Ram cichlid -1 low score
   reject: Fairy cichlid 0.097 low score
   reject: Powder-blue mbuna -1 low score
   reject: Boeseman's rainbowfish -1 low score
   reject: Dwarf neon rainbowfish -1 low score
   reject: Endler's livebearer 0.004 low score
   reject: White-spotted pufferfish 0.0 empty
   reject: Indian mackerel 0.101 low score
   reject: Fire goby 0.029 low score
   reject: Banded pipefish 0.052 low score
   reject: Pundamilia -1 low score
   reject: Marlier's julie 0.125 low score
   reject: Shell-dweller cichlid -1 low score
   reject: Rachow's nothobranch -1 low score
   reject: Blue lyretail killifish -1 low score
   reject: Metallic livebearer -1 low score
   reject: Red rainbowfish 0.015 low score
   reject: Forktail blue-eye -1 low score
   reject: Emperor tetra -1 low score
   reject: Lemon tetra 0.078 low score
   reject: Glowlight tetra 0.0 empty
   reject: Celestial pearl danio -1 low score
   reject: Bristlenose pleco 0.152 low score
