[1/63] Indian oil sardine             urls= 19 on_disk= 19
[2/63] Skipjack tuna                  urls= 80 on_disk= 80
[3/63] Red snapper                    urls= 80 on_disk= 80
[4/63] Nassau grouper                 urls= 80 on_disk= 80
[5/63] Atlantic blue tang             urls= 80 on_disk= 80
[6/63] Blue tang                      urls= 80 on_disk= 80
[7/63] Yellow tang                    urls= 80 on_disk= 79
[8/63] Yellowfin goatfish             urls= 80 on_disk= 80
[9/63] Cardinal tetra                 urls= 20 on_disk= 20
[10/63] Neon tetra                     urls=  1 on_disk=  1
[11/63] Zebrafish                      urls= 80 on_disk= 80
[12/63] Tiger barb                     urls= 80 on_disk= 80
[13/63] Harlequin rasbora              urls= 80 on_disk= 80
[14/63] Moorish idol                   urls= 80 on_disk= 79
[15/63] Red lionfish                   urls= 80 on_disk= 80
[16/63] Threadfin butterflyfish        urls= 80 on_disk= 80
[17/63] Raccoon butterflyfish          urls= 80 on_disk= 80
[18/63] Clown anemonefish              urls= 80 on_disk= 80
[19/63] Orange clownfish               urls= 80 on_disk= 80
[20/63] Blue-green chromis             urls= 80 on_disk= 80
[21/63] Humbug dascyllus               urls= 80 on_disk= 80
[22/63] Sapphire devil                 urls= 80 on_disk= 79
[23/63] Neon goby                      urls= 80 on_disk= 78
[24/63] Bicolor blenny                 urls= 80 on_disk= 78
[25/63] Banggai cardinalfish           urls= 80 on_disk= 79
[26/63] Clown triggerfish              urls= 80 on_disk= 76
[27/63] Picasso triggerfish            urls= 80 on_disk= 79
[28/63] Yellow boxfish                 urls= 80 on_disk= 78
[29/63] Longnose hawkfish              urls= 80 on_disk= 80
[30/63] Emperor angelfish              urls= 80 on_disk= 80
[31/63] Bicolor angelfish              urls= 80 on_disk= 79
[32/63] Bluehead wrasse                urls= 80 on_disk= 79
[33/63] Cleaner wrasse                 urls= 80 on_disk= 79
[34/63] Quoy's parrotfish              urls= 80 on_disk= 79
[35/63] Sea goldie (anthias)           urls= 80 on_disk= 80
[36/63] Frontosa cichlid               urls= 29 on_disk= 29
[37/63] Discus                         urls=  3 on_disk=  3
[38/63] Freshwater angelfish           urls= 67 on_disk= 66
[39/63] Ram cichlid                    urls=  0 on_disk=  0
[40/63] Cockatoo dwarf cichlid         urls=  2 on_disk=  2
[41/63] Fairy cichlid                  urls=  3 on_disk=  3
[42/63] Blunthead cichlid              urls= 39 on_disk= 35
[43/63] Zebra mbuna                    urls= 18 on_disk= 18
[44/63] Powder-blue mbuna              urls=  0 on_disk=  0
[45/63] Peacock cichlid                urls= 18 on_disk= 18
[46/63] Boeseman's rainbowfish         urls=  0 on_disk=  0
[47/63] Dwarf neon rainbowfish         urls=  0 on_disk=  0
[48/63] Dwarf gourami                  urls= 80 on_disk= 80
[49/63] Three-spot gourami             urls= 80 on_disk= 80
[50/63] Paradise fish                  urls= 80 on_disk= 80
[51/63] Siamese fighting fish          urls= 67 on_disk= 67
[52/63] Three-spined stickleback       urls= 80 on_disk= 80
[53/63] Sailfin molly                  urls= 80 on_disk= 80
[54/63] Southern platyfish             urls= 80 on_disk= 80
[55/63] Green swordtail                urls= 80 on_disk= 80
[56/63] Guppy                          urls= 80 on_disk= 80
[57/63] Endler's livebearer            urls= 32 on_disk= 32
[58/63] Solor fairy wrasse             urls= 80 on_disk= 80
[59/63] Carpenter's flasher wrasse     urls= 80 on_disk= 79
[60/63] Mandarinfish                   urls= 80 on_disk= 80
[61/63] Psychedelic mandarin           urls= 27 on_disk= 27
[62/63] Common seahorse                urls= 80 on_disk= 80
[63/63] White-spotted pufferfish       urls=  4 on_disk=  4

Total images on disk: 3844
