[1/156] Indian oil sardine             urls= 19 on_disk= 19
[2/156] Skipjack tuna                  urls= 80 on_disk= 80
[3/156] Red snapper                    urls= 80 on_disk= 80
[4/156] Nassau grouper                 urls= 80 on_disk= 80
[5/156] Atlantic blue tang             urls= 80 on_disk= 80
[6/156] Blue tang                      urls= 80 on_disk= 80
[7/156] Yellow tang                    urls= 80 on_disk= 80
[8/156] Yellowfin goatfish             urls= 80 on_disk= 80
[9/156] Cardinal tetra                 urls= 20 on_disk= 20
[10/156] Neon tetra                     urls=  1 on_disk=  1
[11/156] Zebrafish                      urls= 80 on_disk= 80
[12/156] Tiger barb                     urls= 80 on_disk= 80
[13/156] Harlequin rasbora              urls= 80 on_disk= 80
[14/156] Moorish idol                   urls= 80 on_disk= 80
[15/156] Red lionfish                   urls= 80 on_disk= 80
[16/156] Threadfin butterflyfish        urls= 80 on_disk= 80
[17/156] Raccoon butterflyfish          urls= 80 on_disk= 80
[18/156] Clown anemonefish              urls= 80 on_disk= 80
[19/156] Orange clownfish               urls= 80 on_disk= 80
[20/156] Blue-green chromis             urls= 80 on_disk= 80
[21/156] Humbug dascyllus               urls= 80 on_disk= 80
[22/156] Sapphire devil                 urls= 80 on_disk= 80
[23/156] Neon goby                      urls= 80 on_disk= 80
[24/156] Bicolor blenny                 urls= 80 on_disk= 80
[25/156] Banggai cardinalfish           urls= 80 on_disk= 80
[26/156] Clown triggerfish              urls= 80 on_disk= 80
[27/156] Picasso triggerfish            urls= 80 on_disk= 80
[28/156] Yellow boxfish                 urls= 80 on_disk= 80
[29/156] Longnose hawkfish              urls= 80 on_disk= 80
[30/156] Emperor angelfish              urls= 80 on_disk= 80
[31/156] Bicolor angelfish              urls= 80 on_disk= 80
[32/156] Bluehead wrasse                urls= 80 on_disk= 80
[33/156] Cleaner wrasse                 urls= 80 on_disk= 80
[34/156] Quoy's parrotfish              urls= 80 on_disk= 80
[35/156] Sea goldie (anthias)           urls= 80 on_disk= 80
[36/156] Frontosa cichlid               urls= 29 on_disk= 29
[37/156] Discus                         urls=  3 on_disk=  3
[38/156] Freshwater angelfish           urls= 67 on_disk= 67
[39/156] Ram cichlid                    urls=  0 on_disk=  0
[40/156] Cockatoo dwarf cichlid         urls=  2 on_disk=  2
[41/156] Fairy cichlid                  urls=  3 on_disk=  3
[42/156] Blunthead cichlid              urls= 39 on_disk= 39
[43/156] Zebra mbuna                    urls= 18 on_disk= 18
[44/156] Powder-blue mbuna              urls=  0 on_disk=  0
[45/156] Peacock cichlid                urls= 18 on_disk= 18
[46/156] Boeseman's rainbowfish         urls=  0 on_disk=  0
[47/156] Dwarf neon rainbowfish         urls=  0 on_disk=  0
[48/156] Dwarf gourami                  urls= 80 on_disk= 80
[49/156] Three-spot gourami             urls= 80 on_disk= 80
[50/156] Paradise fish                  urls= 80 on_disk= 80
[51/156] Siamese fighting fish          urls= 67 on_disk= 67
[52/156] Three-spined stickleback       urls= 80 on_disk= 80
[53/156] Sailfin molly                  urls= 80 on_disk= 80
[54/156] Southern platyfish             urls= 80 on_disk= 80
[55/156] Green swordtail                urls= 80 on_disk= 80
[56/156] Guppy                          urls= 80 on_disk= 80
[57/156] Endler's livebearer            urls= 32 on_disk= 32
[58/156] Solor fairy wrasse             urls= 80 on_disk= 80
[59/156] Carpenter's flasher wrasse     urls= 80 on_disk= 80
[60/156] Mandarinfish                   urls= 80 on_disk= 80
[61/156] Psychedelic mandarin           urls= 27 on_disk= 27
[62/156] Common seahorse                urls= 80 on_disk= 80
[63/156] White-spotted pufferfish       urls=  4 on_disk=  4
[64/156] Indian mackerel                urls= 80 on_disk= 80
[65/156] Bigeye scad                    urls= 80 on_disk= 80
[66/156] Giant trevally                 urls= 80 on_disk= 80
[67/156] Flathead mullet                urls= 80 on_disk= 80
[68/156] Milkfish                       urls= 80 on_disk= 80
[69/156] Great barracuda                urls= 80 on_disk= 80
[70/156] Pacific sardine                urls= 80 on_disk= 80
[71/156] Bluestripe snapper             urls= 80 on_disk= 80
[72/156] Bluestriped grunt              urls= 80 on_disk= 80
[73/156] Powder blue tang               urls= 80 on_disk= 80
[74/156] Purple tang                    urls= 80 on_disk= 80
[75/156] Sailfin tang                   urls= 80 on_disk= 79
[76/156] Orangespine unicornfish        urls= 80 on_disk= 80
[77/156] Foxface rabbitfish             urls= 80 on_disk= 80
[78/156] Masked butterflyfish           urls= 80 on_disk= 80
[79/156] Pennant bannerfish             urls= 80 on_disk= 80
[80/156] Longnose butterflyfish         urls= 80 on_disk= 80
[81/156] Flame angelfish                urls= 80 on_disk= 79
[82/156] Swallowtail angelfish          urls= 80 on_disk= 80
[83/156] Queen angelfish                urls= 80 on_disk= 80
[84/156] Regal angelfish                urls= 80 on_disk= 80
[85/156] French angelfish               urls= 80 on_disk= 80
[86/156] Rock beauty                    urls= 80 on_disk= 80
[87/156] Yellowtail coris               urls= 80 on_disk= 80
[88/156] Bird wrasse                    urls= 80 on_disk= 80
[89/156] Leopard wrasse                 urls= 80 on_disk= 80
[90/156] Spanish hogfish                urls= 80 on_disk= 80
[91/156] Sixline wrasse                 urls= 80 on_disk= 80
[92/156] Filamented flasher wrasse      urls= 77 on_disk= 77
[93/156] Longfin fairy wrasse           urls= 17 on_disk= 17
[94/156] Stoplight parrotfish           urls= 80 on_disk= 80
[95/156] Bullethead parrotfish          urls= 80 on_disk= 80
[96/156] Maroon clownfish               urls= 80 on_disk= 80
[97/156] Tomato clownfish               urls= 80 on_disk= 79
[98/156] Blue chromis                   urls= 80 on_disk= 79
[99/156] Bicolor damselfish             urls= 80 on_disk= 80
[100/156] Royal gramma                   urls= 80 on_disk= 80
[101/156] Orchid dottyback               urls= 80 on_disk= 80
[102/156] Royal dottyback                urls= 80 on_disk= 80
[103/156] Purple anthias                 urls= 80 on_disk= 80
[104/156] Peach anthias                  urls= 80 on_disk= 80
[105/156] Barred hamlet                  urls= 80 on_disk= 80
[106/156] Harlequin bass                 urls= 80 on_disk= 80
[107/156] Fire goby                      urls= 80 on_disk= 80
[108/156] Elegant firefish               urls= 80 on_disk= 80
[109/156] Yellow watchman goby           urls= 80 on_disk= 80
[110/156] Yellowhead jawfish             urls= 80 on_disk= 80
[111/156] Scooter dragonet               urls= 80 on_disk= 80
[112/156] Spotted boxfish                urls= 80 on_disk= 80
[113/156] Redtooth triggerfish           urls= 80 on_disk= 80
[114/156] Orange-lined triggerfish       urls= 80 on_disk= 80
[115/156] Valentini puffer               urls= 80 on_disk= 80
[116/156] Lined seahorse                 urls= 80 on_disk= 80
[117/156] Longsnout seahorse             urls= 80 on_disk= 80
[118/156] Banded pipefish                urls= 80 on_disk= 80
[119/156] Burton's mouthbrooder          urls= 21 on_disk= 21
[120/156] Pundamilia                     urls=  0 on_disk=  0
[121/156] Electric blue ahli             urls=  1 on_disk=  1
[122/156] Redfin hap                     urls= 12 on_disk= 12
[123/156] Yellow lab                     urls=  8 on_disk=  8
[124/156] Auratus cichlid                urls= 70 on_disk= 70
[125/156] Fuelleborni mbuna              urls= 52 on_disk= 52
[126/156] Venustus                       urls= 19 on_disk= 19
[127/156] Marlier's julie                urls=  3 on_disk=  3
[128/156] Shell-dweller cichlid          urls=  0 on_disk=  0
[129/156] Daffodil cichlid               urls= 26 on_disk= 26
[130/156] Midas cichlid                  urls= 80 on_disk= 80
[131/156] Firemouth cichlid              urls= 80 on_disk= 79
[132/156] Kribensis                      urls=  1 on_disk=  1
[133/156] Jewel cichlid                  urls= 48 on_disk= 48
[134/156] Blue acara                     urls= 80 on_disk= 80
[135/156] Eartheater cichlid             urls= 59 on_disk= 56
[136/156] Rachow's nothobranch           urls=  0 on_disk=  0
[137/156] Turquoise killifish            urls=  8 on_disk=  8
[138/156] Blue lyretail killifish        urls=  0 on_disk=  0
[139/156] Lyretail killifish             urls= 14 on_disk= 14
[140/156] Variable platyfish             urls= 80 on_disk= 80
[141/156] Common molly                   urls= 80 on_disk= 80
[142/156] Metallic livebearer            urls=  0 on_disk=  0
[143/156] Western mosquitofish           urls= 80 on_disk= 80
[144/156] Red rainbowfish                urls=  3 on_disk=  3
[145/156] Forktail blue-eye              urls=  0 on_disk=  0
[146/156] Pearl gourami                  urls= 76 on_disk= 76
[147/156] Honey gourami                  urls=  7 on_disk=  7
[148/156] Chocolate gourami              urls= 80 on_disk= 79
[149/156] Peaceful betta                 urls= 80 on_disk= 80
[150/156] Emperor tetra                  urls=  0 on_disk=  0
[151/156] Lemon tetra                    urls=  2 on_disk=  2
[152/156] Glowlight tetra                urls=  1 on_disk=  1
[153/156] Rosy barb                      urls= 49 on_disk= 49
[154/156] Celestial pearl danio          urls=  0 on_disk=  0
[155/156] Bronze cory                    urls= 80 on_disk= 80
[156/156] Bristlenose pleco              urls= 28 on_disk= 28

Total images on disk: 9422
