OMP: Info #276: omp_set_nested routine deprecated, please use omp_set_max_active_levels instead.
OMP: Info #276: omp_set_nested routine deprecated, please use omp_set_max_active_levels instead.
OMP: Info #276: omp_set_nested routine deprecated, please use omp_set_max_active_levels instead.
OMP: Info #276: omp_set_nested routine deprecated, please use omp_set_max_active_levels instead.
OMP: Info #276: omp_set_nested routine deprecated, please use omp_set_max_active_levels instead.
OMP: Info #276: omp_set_nested routine deprecated, please use omp_set_max_active_levels instead.
[  1/156] Sardinella longiceps               11 kept  (of 17 isnet: shape killed 4, classifier vetoed 2)
[  2/156] Lutjanus campechanus               25 kept  (of 40 isnet: shape killed 3, classifier vetoed 1)
[  3/156] Katsuwonus pelamis                 25 kept  (of 40 isnet: shape killed 3, classifier vetoed 1)
[  4/156] Acanthurus coeruleus               25 kept  (of 40 isnet: shape killed 2, classifier vetoed 0)
[  5/156] Epinephelus striatus               25 kept  (of 40 isnet: shape killed 3, classifier vetoed 2)
[  6/156] Paracheirodon innesi                1 kept  (of  1 isnet: shape killed 0, classifier vetoed 0)
[  7/156] Paracheirodon axelrodi              8 kept  (of 13 isnet: shape killed 4, classifier vetoed 1)
[  8/156] Paracanthurus hepatus              25 kept  (of 40 isnet: shape killed 1, classifier vetoed 3)
[  9/156] Trigonostigma heteromorpha         25 kept  (of 40 isnet: shape killed 10, classifier vetoed 0)
[ 10/156] Zanclus cornutus                   24 kept  (of 40 isnet: shape killed 15, classifier vetoed 1)
[ 11/156] Mulloidichthys vanicolensis        25 kept  (of 40 isnet: shape killed 7, classifier vetoed 2)
[ 12/156] Zebrasoma flavescens               25 kept  (of 40 isnet: shape killed 1, classifier vetoed 0)
[ 13/156] Danio rerio                        25 kept  (of 40 isnet: shape killed 5, classifier vetoed 1)
[ 14/156] Puntigrus tetrazona                25 kept  (of 40 isnet: shape killed 3, classifier vetoed 1)
[ 15/156] Amphiprion ocellaris               25 kept  (of 40 isnet: shape killed 3, classifier vetoed 2)
[ 16/156] Pterois volitans                   25 kept  (of 40 isnet: shape killed 10, classifier vetoed 0)
[ 17/156] Chaetodon auriga                   25 kept  (of 40 isnet: shape killed 2, classifier vetoed 0)
[ 18/156] Chaetodon lunula                   25 kept  (of 40 isnet: shape killed 1, classifier vetoed 0)
[ 19/156] Amphiprion percula                 25 kept  (of 40 isnet: shape killed 2, classifier vetoed 5)
[ 20/156] Elacatinus oceanops                20 kept  (of 40 isnet: shape killed 8, classifier vetoed 12)
[ 21/156] Pterapogon kauderni                10 kept  (of 40 isnet: shape killed 24, classifier vetoed 6)
[ 22/156] Chromis viridis                    25 kept  (of 40 isnet: shape killed 6, classifier vetoed 3)
[ 23/156] Dascyllus aruanus                  25 kept  (of 40 isnet: shape killed 8, classifier vetoed 7)
[ 24/156] Chrysiptera cyanea                 25 kept  (of 40 isnet: shape killed 0, classifier vetoed 5)
[ 25/156] Oxycirrhites typus                 25 kept  (of 40 isnet: shape killed 6, classifier vetoed 8)
[ 26/156] Ecsenius bicolor                   25 kept  (of 40 isnet: shape killed 7, classifier vetoed 5)
[ 27/156] Rhinecanthus aculeatus             25 kept  (of 40 isnet: shape killed 0, classifier vetoed 9)
[ 28/156] Balistoides conspicillum           24 kept  (of 40 isnet: shape killed 2, classifier vetoed 14)
[ 29/156] Ostracion cubicus                  25 kept  (of 40 isnet: shape killed 0, classifier vetoed 4)
[ 30/156] Pomacanthus imperator              25 kept  (of 40 isnet: shape killed 0, classifier vetoed 1)
[ 31/156] Thalassoma bifasciatum             25 kept  (of 40 isnet: shape killed 3, classifier vetoed 2)
[ 32/156] Labroides dimidiatus               25 kept  (of 40 isnet: shape killed 4, classifier vetoed 6)
[ 33/156] Symphysodon aequifasciatus          3 kept  (of  3 isnet: shape killed 0, classifier vetoed 0)
[ 34/156] Centropyge bicolor                 25 kept  (of 40 isnet: shape killed 1, classifier vetoed 0)
[ 35/156] Mikrogeophagus ramirezi             0 kept  (of  0 isnet: shape killed 0, classifier vetoed 0)
[ 36/156] Apistogramma cacatuoides            2 kept  (of  2 isnet: shape killed 0, classifier vetoed 0)
[ 37/156] Neolamprologus brichardi            1 kept  (of  3 isnet: shape killed 1, classifier vetoed 1)
[ 38/156] Scarus quoyi                       25 kept  (of 40 isnet: shape killed 4, classifier vetoed 1)
[ 39/156] Cyphotilapia frontosa              17 kept  (of 21 isnet: shape killed 3, classifier vetoed 1)
[ 40/156] Pseudotropheus socolofi             0 kept  (of  0 isnet: shape killed 0, classifier vetoed 0)
[ 41/156] Maylandia zebra                    15 kept  (of 17 isnet: shape killed 1, classifier vetoed 1)
[ 42/156] Melanotaenia boesemani              0 kept  (of  0 isnet: shape killed 0, classifier vetoed 0)
[ 43/156] Melanotaenia praecox                0 kept  (of  0 isnet: shape killed 0, classifier vetoed 0)
[ 44/156] Aulonocara stuartgranti            16 kept  (of 17 isnet: shape killed 1, classifier vetoed 0)
[ 45/156] Tropheus moorii                    20 kept  (of 32 isnet: shape killed 5, classifier vetoed 7)
[ 46/156] Pseudanthias squamipinnis          25 kept  (of 40 isnet: shape killed 9, classifier vetoed 4)
[ 47/156] Pterophyllum scalare               25 kept  (of 40 isnet: shape killed 14, classifier vetoed 1)
[ 48/156] Trichogaster lalius                25 kept  (of 40 isnet: shape killed 3, classifier vetoed 1)
[ 49/156] Trichopodus trichopterus           25 kept  (of 40 isnet: shape killed 2, classifier vetoed 1)
[ 50/156] Macropodus opercularis             25 kept  (of 40 isnet: shape killed 0, classifier vetoed 3)
[ 51/156] Betta splendens                    25 kept  (of 40 isnet: shape killed 0, classifier vetoed 2)
[ 52/156] Poecilia reticulata                25 kept  (of 40 isnet: shape killed 10, classifier vetoed 3)
[ 53/156] Poecilia wingei                     0 kept  (of 10 isnet: shape killed 9, classifier vetoed 1)
[ 54/156] Gasterosteus aculeatus             25 kept  (of 40 isnet: shape killed 5, classifier vetoed 4)
[ 55/156] Poecilia latipinna                 25 kept  (of 40 isnet: shape killed 5, classifier vetoed 0)
[ 56/156] Synchiropus splendidus             25 kept  (of 40 isnet: shape killed 0, classifier vetoed 9)
[ 57/156] Xiphophorus maculatus              25 kept  (of 40 isnet: shape killed 2, classifier vetoed 1)
[ 58/156] Xiphophorus hellerii               25 kept  (of 40 isnet: shape killed 5, classifier vetoed 1)
[ 59/156] Torquigener albomaculosus           0 kept  (of  0 isnet: shape killed 0, classifier vetoed 0)
[ 60/156] Synchiropus picturatus             19 kept  (of 25 isnet: shape killed 2, classifier vetoed 4)
[ 61/156] Cirrhilabrus solorensis            25 kept  (of 40 isnet: shape killed 1, classifier vetoed 1)
[ 62/156] Paracheilinus carpenteri           25 kept  (of 40 isnet: shape killed 0, classifier vetoed 2)
[ 63/156] Selar crumenophthalmus             25 kept  (of 40 isnet: shape killed 6, classifier vetoed 1)
[ 64/156] Hippocampus kuda                    4 kept  (of 40 isnet: shape killed 4, classifier vetoed 32)
[ 65/156] Rastrelliger kanagurta             25 kept  (of 40 isnet: shape killed 10, classifier vetoed 2)
[ 66/156] Caranx ignobilis                   25 kept  (of 40 isnet: shape killed 4, classifier vetoed 0)
[ 67/156] Sardinops sagax                    25 kept  (of 40 isnet: shape killed 4, classifier vetoed 0)
[ 68/156] Mugil cephalus                     25 kept  (of 40 isnet: shape killed 6, classifier vetoed 0)
[ 69/156] Chanos chanos                      25 kept  (of 40 isnet: shape killed 9, classifier vetoed 1)
[ 70/156] Sphyraena barracuda                25 kept  (of 40 isnet: shape killed 3, classifier vetoed 2)
[ 71/156] Lutjanus kasmira                   25 kept  (of 40 isnet: shape killed 4, classifier vetoed 2)
[ 72/156] Haemulon sciurus                   25 kept  (of 40 isnet: shape killed 3, classifier vetoed 3)
[ 73/156] Acanthurus leucosternon            25 kept  (of 40 isnet: shape killed 0, classifier vetoed 0)
[ 74/156] Zebrasoma xanthurum                25 kept  (of 40 isnet: shape killed 2, classifier vetoed 1)
[ 75/156] Zebrasoma veliferum                25 kept  (of 40 isnet: shape killed 2, classifier vetoed 1)
[ 76/156] Naso lituratus                     25 kept  (of 40 isnet: shape killed 1, classifier vetoed 3)
[ 77/156] Chaetodon semilarvatus             25 kept  (of 40 isnet: shape killed 0, classifier vetoed 1)
[ 78/156] Siganus vulpinus                   25 kept  (of 40 isnet: shape killed 0, classifier vetoed 0)
[ 79/156] Heniochus acuminatus               25 kept  (of 40 isnet: shape killed 5, classifier vetoed 1)
[ 80/156] Forcipiger flavissimus             25 kept  (of 40 isnet: shape killed 0, classifier vetoed 0)
[ 81/156] Centropyge loricula                25 kept  (of 40 isnet: shape killed 0, classifier vetoed 0)
[ 82/156] Genicanthus melanospilos           25 kept  (of 40 isnet: shape killed 0, classifier vetoed 0)
[ 83/156] Holacanthus ciliaris               25 kept  (of 40 isnet: shape killed 2, classifier vetoed 1)
[ 84/156] Gomphosus varius                   25 kept  (of 40 isnet: shape killed 2, classifier vetoed 2)
[ 85/156] Pygoplites diacanthus              25 kept  (of 40 isnet: shape killed 0, classifier vetoed 0)
[ 86/156] Pomacanthus paru                   25 kept  (of 40 isnet: shape killed 2, classifier vetoed 0)
[ 87/156] Holacanthus tricolor               25 kept  (of 40 isnet: shape killed 2, classifier vetoed 1)
[ 88/156] Coris gaimard                      25 kept  (of 40 isnet: shape killed 1, classifier vetoed 1)
[ 89/156] Bodianus rufus                     25 kept  (of 40 isnet: shape killed 3, classifier vetoed 0)
[ 90/156] Macropharyngodon meleagris         25 kept  (of 40 isnet: shape killed 1, classifier vetoed 1)
[ 91/156] Cirrhilabrus rubriventralis        16 kept  (of 17 isnet: shape killed 1, classifier vetoed 0)
[ 92/156] Pseudocheilinus hexataenia         25 kept  (of 40 isnet: shape killed 3, classifier vetoed 0)
[ 93/156] Paracheilinus filamentosus         25 kept  (of 40 isnet: shape killed 0, classifier vetoed 0)
[ 94/156] Sparisoma viride                   25 kept  (of 40 isnet: shape killed 4, classifier vetoed 1)
[ 95/156] Chlorurus sordidus                 25 kept  (of 40 isnet: shape killed 4, classifier vetoed 0)
[ 96/156] Premnas biaculeatus                25 kept  (of 40 isnet: shape killed 0, classifier vetoed 2)
[ 97/156] Amphiprion frenatus                25 kept  (of 40 isnet: shape killed 6, classifier vetoed 2)
[ 98/156] Chromis cyanea                     25 kept  (of 40 isnet: shape killed 7, classifier vetoed 4)
[ 99/156] Pseudochromis fridmani             14 kept  (of 40 isnet: shape killed 10, classifier vetoed 15)
[100/156] Stegastes partitus                 25 kept  (of 40 isnet: shape killed 3, classifier vetoed 2)
[101/156] Gramma loreto                      25 kept  (of 40 isnet: shape killed 0, classifier vetoed 3)
[102/156] Pictichromis paccagnellae          25 kept  (of 40 isnet: shape killed 1, classifier vetoed 5)
[103/156] Pseudanthias tuka                  25 kept  (of 40 isnet: shape killed 1, classifier vetoed 4)
[104/156] Pseudanthias dispar                25 kept  (of 40 isnet: shape killed 4, classifier vetoed 2)
[105/156] Serranus tigrinus                  25 kept  (of 40 isnet: shape killed 7, classifier vetoed 0)
[106/156] Hypoplectrus puella                25 kept  (of 40 isnet: shape killed 0, classifier vetoed 2)
[107/156] Synchiropus ocellatus              12 kept  (of 40 isnet: shape killed 12, classifier vetoed 16)
[108/156] Nemateleotris magnifica            25 kept  (of 40 isnet: shape killed 4, classifier vetoed 2)
[109/156] Nemateleotris decora               25 kept  (of 40 isnet: shape killed 0, classifier vetoed 10)
[110/156] Cryptocentrus cinctus              25 kept  (of 40 isnet: shape killed 2, classifier vetoed 4)
[111/156] Opistognathus aurifrons            25 kept  (of 40 isnet: shape killed 4, classifier vetoed 2)
[112/156] Hippocampus erectus                11 kept  (of 40 isnet: shape killed 13, classifier vetoed 16)
[113/156] Ostracion meleagris                25 kept  (of 40 isnet: shape killed 0, classifier vetoed 1)
[114/156] Odonus niger                       25 kept  (of 40 isnet: shape killed 2, classifier vetoed 2)
[115/156] Astatotilapia burtoni              16 kept  (of 17 isnet: shape killed 0, classifier vetoed 1)
[116/156] Pundamilia nyererei                 0 kept  (of  0 isnet: shape killed 0, classifier vetoed 0)
[117/156] Sciaenochromis fryeri               1 kept  (of  1 isnet: shape killed 0, classifier vetoed 0)
[118/156] Copadichromis borleyi              11 kept  (of 12 isnet: shape killed 1, classifier vetoed 0)
[119/156] Labidochromis caeruleus             7 kept  (of  7 isnet: shape killed 0, classifier vetoed 0)
[120/156] Balistapus undulatus               25 kept  (of 40 isnet: shape killed 2, classifier vetoed 2)
[121/156] Canthigaster valentini             25 kept  (of 40 isnet: shape killed 1, classifier vetoed 0)
[122/156] Nimbochromis venustus              15 kept  (of 15 isnet: shape killed 0, classifier vetoed 0)
[123/156] Julidochromis marlieri              1 kept  (of  1 isnet: shape killed 0, classifier vetoed 0)
[124/156] Lamprologus ocellatus               0 kept  (of  0 isnet: shape killed 0, classifier vetoed 0)
[125/156] Hippocampus reidi                  10 kept  (of 40 isnet: shape killed 7, classifier vetoed 23)
[126/156] Doryrhamphus dactyliophorus        20 kept  (of 40 isnet: shape killed 17, classifier vetoed 3)
[127/156] Neolamprologus pulcher             14 kept  (of 20 isnet: shape killed 6, classifier vetoed 0)
[128/156] Pelvicachromis pulcher              1 kept  (of  1 isnet: shape killed 0, classifier vetoed 0)
[129/156] Melanochromis auratus              25 kept  (of 40 isnet: shape killed 0, classifier vetoed 3)
[130/156] Labeotropheus fuelleborni          25 kept  (of 40 isnet: shape killed 1, classifier vetoed 0)
[131/156] Hemichromis bimaculatus            25 kept  (of 35 isnet: shape killed 0, classifier vetoed 3)
[132/156] Nothobranchius rachovii             0 kept  (of  0 isnet: shape killed 0, classifier vetoed 0)
[133/156] Nothobranchius furzeri              7 kept  (of  7 isnet: shape killed 0, classifier vetoed 0)
[134/156] Fundulopanchax gardneri             0 kept  (of  0 isnet: shape killed 0, classifier vetoed 0)
[135/156] Amphilophus citrinellus            25 kept  (of 40 isnet: shape killed 3, classifier vetoed 0)
[136/156] Aphyosemion australe                8 kept  (of 14 isnet: shape killed 5, classifier vetoed 1)
[137/156] Thorichthys meeki                  25 kept  (of 40 isnet: shape killed 4, classifier vetoed 0)
[138/156] Girardinus metallicus               0 kept  (of  0 isnet: shape killed 0, classifier vetoed 0)
[139/156] Andinoacara pulcher                25 kept  (of 40 isnet: shape killed 2, classifier vetoed 1)
[140/156] Glossolepis incisus                 3 kept  (of  3 isnet: shape killed 0, classifier vetoed 0)
[141/156] Pseudomugil furcatus                0 kept  (of  0 isnet: shape killed 0, classifier vetoed 0)
[142/156] Geophagus altifrons                25 kept  (of 40 isnet: shape killed 10, classifier vetoed 1)
[143/156] Trichogaster chuna                  6 kept  (of  6 isnet: shape killed 0, classifier vetoed 0)
[144/156] Poecilia sphenops                  25 kept  (of 40 isnet: shape killed 4, classifier vetoed 3)
[145/156] Gambusia affinis                   25 kept  (of 40 isnet: shape killed 11, classifier vetoed 2)
[146/156] Nematobrycon palmeri                0 kept  (of  0 isnet: shape killed 0, classifier vetoed 0)
[147/156] Hyphessobrycon pulchripinnis        2 kept  (of  2 isnet: shape killed 0, classifier vetoed 0)
[148/156] Hemigrammus erythrozonus            0 kept  (of  1 isnet: shape killed 1, classifier vetoed 0)
[149/156] Xiphophorus variatus               25 kept  (of 40 isnet: shape killed 1, classifier vetoed 0)
[150/156] Danio margaritatus                  0 kept  (of  0 isnet: shape killed 0, classifier vetoed 0)
[151/156] Trichopodus leerii                 25 kept  (of 40 isnet: shape killed 1, classifier vetoed 0)
[152/156] Sphaerichthys osphromenoides       25 kept  (of 40 isnet: shape killed 1, classifier vetoed 6)
[153/156] Pethia conchonius                  25 kept  (of 40 isnet: shape killed 2, classifier vetoed 2)
[154/156] Ancistrus cirrhosus                21 kept  (of 25 isnet: shape killed 1, classifier vetoed 3)
[155/156] Betta imbellis                     25 kept  (of 40 isnet: shape killed 2, classifier vetoed 0)
[156/156] Corydoras aeneus                   25 kept  (of 40 isnet: shape killed 1, classifier vetoed 4)

photos re-segmented with isnet: 4905  |  killed by shape gates: 478  |  vetoed by the classifier: 362  |  unusable mask: 4

wrote fish_metrics_isnet.csv  (141 species, 118 with >= 15 clean photos)
