OMP: Info #276: omp_set_nested routine deprecated, please use omp_set_max_active_levels instead.
OMP: Info #276: omp_set_nested routine deprecated, please use omp_set_max_active_levels instead.
OMP: Info #276: omp_set_nested routine deprecated, please use omp_set_max_active_levels instead.
OMP: Info #276: omp_set_nested routine deprecated, please use omp_set_max_active_levels instead.
OMP: Info #276: omp_set_nested routine deprecated, please use omp_set_max_active_levels instead.
OMP: Info #276: omp_set_nested routine deprecated, please use omp_set_max_active_levels instead.
OMP: Info #276: omp_set_nested routine deprecated, please use omp_set_max_active_levels instead.
OMP: Info #276: omp_set_nested routine deprecated, please use omp_set_max_active_levels instead.
OMP: Info #276: omp_set_nested routine deprecated, please use omp_set_max_active_levels instead.
OMP: Info #276: omp_set_nested routine deprecated, please use omp_set_max_active_levels instead.
OMP: Info #276: omp_set_nested routine deprecated, please use omp_set_max_active_levels instead.
  done Sardinella longiceps: 19 usable
  done Paracheirodon innesi: 1 usable
  done Paracheirodon axelrodi: 13 usable
  done Lutjanus campechanus: 25 usable
  done Katsuwonus pelamis: 25 usable
  done Mulloidichthys vanicolensis: 25 usable
  done Zebrasoma flavescens: 25 usable
  done Acanthurus coeruleus: 25 usable
  done Epinephelus striatus: 25 usable
  done Paracanthurus hepatus: 25 usable
  done Puntigrus tetrazona: 25 usable
  done Danio rerio: 25 usable
  done Trigonostigma heteromorpha: 25 usable
  done Zanclus cornutus: 25 usable
  done Chaetodon auriga: 25 usable
  done Chaetodon lunula: 25 usable
  done Pterois volitans: 25 usable
  done Amphiprion ocellaris: 25 usable
  done Chromis viridis: 25 usable
  done Dascyllus aruanus: 25 usable
  done Amphiprion percula: 25 usable
  done Chrysiptera cyanea: 25 usable
  done Elacatinus oceanops: 25 usable
  done Ecsenius bicolor: 25 usable
  done Rhinecanthus aculeatus: 25 usable
  done Ostracion cubicus: 25 usable
  done Balistoides conspicillum: 25 usable
  done Pterapogon kauderni: 25 usable
  done Symphysodon aequifasciatus: 3 usable
  done Mikrogeophagus ramirezi: 0 usable
  done Centropyge bicolor: 25 usable
  done Oxycirrhites typus: 25 usable
  done Apistogramma cacatuoides: 2 usable
  done Neolamprologus brichardi: 2 usable
  done Pseudotropheus socolofi: 0 usable
  done Thalassoma bifasciatum: 25 usable
  done Melanotaenia boesemani: 0 usable
  done Melanotaenia praecox: 0 usable
  done Pomacanthus imperator: 25 usable
  done Labroides dimidiatus: 25 usable
  done Maylandia zebra: 17 usable
  done Aulonocara stuartgranti: 18 usable
  done Cyphotilapia frontosa: 21 usable
  done Tropheus moorii: 25 usable
  done Scarus quoyi: 25 usable
  done Pseudanthias squamipinnis: 25 usable
  done Pterophyllum scalare: 25 usable
  done Trichopodus trichopterus: 25 usable
  done Trichogaster lalius: 25 usable
  done Macropodus opercularis: 25 usable
  done Poecilia wingei: 9 usable
  done Betta splendens: 25 usable
  done Gasterosteus aculeatus: 25 usable
  done Torquigener albomaculosus: 0 usable
  done Poecilia latipinna: 25 usable
  done Xiphophorus maculatus: 25 usable
  done Xiphophorus hellerii: 25 usable
  done Poecilia reticulata: 25 usable
  done Synchiropus picturatus: 25 usable
  done Cirrhilabrus solorensis: 25 usable
  done Paracheilinus carpenteri: 25 usable
  done Synchiropus splendidus: 25 usable
  done Hippocampus kuda: 25 usable
  done Rastrelliger kanagurta: 25 usable
  done Selar crumenophthalmus: 25 usable
  done Caranx ignobilis: 25 usable
  done Mugil cephalus: 25 usable
  done Sphyraena barracuda: 25 usable
  done Chanos chanos: 25 usable
  done Sardinops sagax: 25 usable
  done Lutjanus kasmira: 25 usable
  done Haemulon sciurus: 25 usable
  done Acanthurus leucosternon: 25 usable
  done Zebrasoma xanthurum: 25 usable
  done Zebrasoma veliferum: 25 usable
  done Naso lituratus: 25 usable
  done Siganus vulpinus: 25 usable
  done Heniochus acuminatus: 25 usable
  done Chaetodon semilarvatus: 25 usable
  done Forcipiger flavissimus: 25 usable
  done Centropyge loricula: 25 usable
  done Genicanthus melanospilos: 25 usable
  done Pygoplites diacanthus: 25 usable
  done Holacanthus ciliaris: 25 usable
  done Pomacanthus paru: 25 usable
  done Coris gaimard: 25 usable
  done Gomphosus varius: 25 usable
  done Holacanthus tricolor: 25 usable
  done Cirrhilabrus rubriventralis: 17 usable
  done Macropharyngodon meleagris: 25 usable
  done Bodianus rufus: 25 usable
  done Pseudocheilinus hexataenia: 25 usable
  done Paracheilinus filamentosus: 25 usable
  done Chlorurus sordidus: 25 usable
  done Sparisoma viride: 25 usable
  done Amphiprion frenatus: 25 usable
  done Chromis cyanea: 25 usable
  done Premnas biaculeatus: 25 usable
  done Stegastes partitus: 25 usable
  done Gramma loreto: 25 usable
  done Pseudochromis fridmani: 25 usable
  done Pictichromis paccagnellae: 25 usable
  done Pseudanthias tuka: 25 usable
  done Pseudanthias dispar: 25 usable
  done Hypoplectrus puella: 25 usable
  done Nemateleotris magnifica: 25 usable
  done Serranus tigrinus: 25 usable
  done Cryptocentrus cinctus: 25 usable
  done Nemateleotris decora: 25 usable
  done Opistognathus aurifrons: 25 usable
  done Pundamilia nyererei: 0 usable
  done Sciaenochromis fryeri: 1 usable
  done Synchiropus ocellatus: 25 usable
  done Odonus niger: 25 usable
  done Ostracion meleagris: 25 usable
  done Labidochromis caeruleus: 5 usable
  done Copadichromis borleyi: 12 usable
  done Julidochromis marlieri: 0 usable
  done Lamprologus ocellatus: 0 usable
  done Astatotilapia burtoni: 20 usable
  done Nimbochromis venustus: 16 usable
  done Balistapus undulatus: 25 usable
  done Pelvicachromis pulcher: 1 usable
  done Canthigaster valentini: 25 usable
  done Neolamprologus pulcher: 18 usable
  done Doryrhamphus dactyliophorus: 25 usable
  done Nothobranchius rachovii: 0 usable
  done Hippocampus erectus: 25 usable
  done Fundulopanchax gardneri: 0 usable
  done Labeotropheus fuelleborni: 25 usable
  done Nothobranchius furzeri: 7 usable
  done Hippocampus reidi: 25 usable
  done Girardinus metallicus: 0 usable
  done Aphyosemion australe: 14 usable
  done Melanochromis auratus: 25 usable
  done Pseudomugil furcatus: 0 usable
  done Glossolepis incisus: 3 usable
  done Amphilophus citrinellus: 25 usable
  done Hemichromis bimaculatus: 25 usable
  done Trichogaster chuna: 7 usable
  done Nematobrycon palmeri: 0 usable
  done Hyphessobrycon pulchripinnis: 1 usable
  done Hemigrammus erythrozonus: 1 usable
  done Geophagus altifrons: 25 usable
  done Danio margaritatus: 0 usable
  done Thorichthys meeki: 25 usable
  done Andinoacara pulcher: 25 usable
  done Xiphophorus variatus: 25 usable
  done Gambusia affinis: 25 usable
  done Poecilia sphenops: 25 usable
  done Trichopodus leerii: 25 usable
  done Pethia conchonius: 25 usable
  done Ancistrus cirrhosus: 25 usable
  done Sphaerichthys osphromenoides: 25 usable
  done Betta imbellis: 25 usable
  done Corydoras aeneus: 25 usable

Wrote fish_metrics.csv (142 species)
