  done Paracheirodon innesi: 1 usable images
  done Sardinella longiceps: 19 usable images
  done Paracheirodon axelrodi: 20 usable images
  done Lutjanus campechanus: 80 usable images
  done Katsuwonus pelamis: 80 usable images
  done Paracanthurus hepatus: 80 usable images
  done Acanthurus coeruleus: 80 usable images
  done Zebrasoma flavescens: 79 usable images
  done Danio rerio: 80 usable images
  done Epinephelus striatus: 80 usable images
  done Puntigrus tetrazona: 80 usable images
  done Mulloidichthys vanicolensis: 80 usable images
  done Trigonostigma heteromorpha: 80 usable images
  done Zanclus cornutus: 79 usable images
  done Chaetodon auriga: 80 usable images
  done Chaetodon lunula: 80 usable images
  done Amphiprion ocellaris: 80 usable images
  done Pterois volitans: 80 usable images
  done Amphiprion percula: 80 usable images
  done Chrysiptera cyanea: 79 usable images
  done Chromis viridis: 80 usable images
  done Dascyllus aruanus: 80 usable images
  done Elacatinus oceanops: 78 usable images
  done Ecsenius bicolor: 78 usable images
  done Balistoides conspicillum: 76 usable images
  done Pterapogon kauderni: 79 usable images
  done Pomacanthus imperator: 80 usable images
  done Symphysodon aequifasciatus: 3 usable images
  done Ostracion cubicus: 78 usable images
  done Mikrogeophagus ramirezi: 0 usable images
  done Rhinecanthus aculeatus: 79 usable images
  done Apistogramma cacatuoides: 2 usable images
  done Neolamprologus brichardi: 3 usable images
  done Centropyge bicolor: 79 usable images
  done Pseudotropheus socolofi: 0 usable images
  done Oxycirrhites typus: 80 usable images
  done Melanotaenia boesemani: 0 usable images
  done Melanotaenia praecox: 0 usable images
  done Aulonocara stuartgranti: 18 usable images
  done Maylandia zebra: 18 usable images
  done Thalassoma bifasciatum: 79 usable images
  done Cyphotilapia frontosa: 29 usable images
  done Tropheus moorii: 35 usable images
  done Scarus quoyi: 79 usable images
  done Pseudanthias squamipinnis: 80 usable images
  done Labroides dimidiatus: 79 usable images
  done Betta splendens: 67 usable images
  done Pterophyllum scalare: 66 usable images
  done Trichogaster lalius: 80 usable images
  done Gasterosteus aculeatus: 80 usable images
  done Trichopodus trichopterus: 80 usable images
  done Poecilia wingei: 32 usable images
  done Cirrhilabrus solorensis: 80 usable images
  done Synchiropus picturatus: 27 usable images
  done Torquigener albomaculosus: 4 usable images
  done Macropodus opercularis: 80 usable images
  done Paracheilinus carpenteri: 79 usable images
  done Xiphophorus hellerii: 80 usable images
  done Poecilia latipinna: 80 usable images
  done Poecilia reticulata: 80 usable images
  done Xiphophorus maculatus: 80 usable images
  done Synchiropus splendidus: 80 usable images
  done Hippocampus kuda: 80 usable images
[1/63] Indian oil sardine             n= 19 colorf=25 hue=2.95 solidity=0.93 aspect=1.73
[2/63] Skipjack tuna                  n= 80 colorf=32 hue=2.25 solidity=0.83 aspect=2.04
[3/63] Red snapper                    n= 80 colorf=44 hue=2.23 solidity=0.81 aspect=1.81
[4/63] Nassau grouper                 n= 80 colorf=38 hue=1.91 solidity=0.90 aspect=1.55
[5/63] Atlantic blue tang             n= 80 colorf=57 hue=1.71 solidity=0.88 aspect=1.62
[6/63] Blue tang                      n= 80 colorf=85 hue=2.10 solidity=0.87 aspect=1.86
[7/63] Yellow tang                    n= 79 colorf=63 hue=1.88 solidity=0.89 aspect=1.65
[8/63] Yellowfin goatfish             n= 80 colorf=53 hue=2.73 solidity=0.86 aspect=1.90
[9/63] Cardinal tetra                 n= 20 colorf=46 hue=2.12 solidity=0.89 aspect=1.93
[10/63] Neon tetra                     n=  1 colorf=36 hue=2.35 solidity=1.00 aspect=1.51
[11/63] Zebrafish                      n= 80 colorf=27 hue=2.04 solidity=0.91 aspect=1.58
[12/63] Tiger barb                     n= 80 colorf=33 hue=1.98 solidity=0.86 aspect=1.71
[13/63] Harlequin rasbora              n= 80 colorf=29 hue=1.34 solidity=0.93 aspect=1.58
[14/63] Moorish idol                   n= 79 colorf=44 hue=2.75 solidity=0.84 aspect=1.57
[15/63] Red lionfish                   n= 80 colorf=37 hue=2.68 solidity=0.80 aspect=1.48
[16/63] Threadfin butterflyfish        n= 80 colorf=59 hue=2.62 solidity=0.91 aspect=1.54
[17/63] Raccoon butterflyfish          n= 80 colorf=58 hue=2.78 solidity=0.91 aspect=1.42
[18/63] Clown anemonefish              n= 80 colorf=59 hue=2.61 solidity=0.85 aspect=1.46
[19/63] Orange clownfish               n= 80 colorf=64 hue=2.84 solidity=0.86 aspect=1.53
[20/63] Blue-green chromis             n= 80 colorf=52 hue=2.66 solidity=0.90 aspect=1.66
[21/63] Humbug dascyllus               n= 80 colorf=32 hue=2.46 solidity=0.89 aspect=1.55
[22/63] Sapphire devil                 n= 79 colorf=64 hue=2.50 solidity=0.90 aspect=1.72
[23/63] Neon goby                      n= 78 colorf=45 hue=2.69 solidity=1.00 aspect=1.46
[24/63] Bicolor blenny                 n= 78 colorf=41 hue=3.21 solidity=0.89 aspect=1.67
[25/63] Banggai cardinalfish           n= 79 colorf=35 hue=3.57 solidity=0.88 aspect=1.40
[26/63] Clown triggerfish              n= 76 colorf=49 hue=2.68 solidity=0.90 aspect=1.92
[27/63] Picasso triggerfish            n= 79 colorf=33 hue=3.04 solidity=0.92 aspect=1.69
[28/63] Yellow boxfish                 n= 78 colorf=57 hue=2.38 solidity=0.90 aspect=1.58
[29/63] Longnose hawkfish              n= 80 colorf=75 hue=2.76 solidity=0.83 aspect=1.93
[30/63] Emperor angelfish              n= 80 colorf=62 hue=2.94 solidity=0.94 aspect=1.55
[31/63] Bicolor angelfish              n= 79 colorf=80 hue=2.44 solidity=0.93 aspect=1.73
[32/63] Bluehead wrasse                n= 79 colorf=38 hue=2.70 solidity=0.89 aspect=1.61
[33/63] Cleaner wrasse                 n= 79 colorf=47 hue=2.76 solidity=0.88 aspect=1.78
[34/63] Quoy's parrotfish              n= 79 colorf=48 hue=2.65 solidity=0.85 aspect=1.88
[35/63] Sea goldie (anthias)           n= 80 colorf=64 hue=2.91 solidity=0.86 aspect=1.60
[36/63] Frontosa cichlid               n= 29 colorf=35 hue=2.67 solidity=0.89 aspect=1.61
[37/63] Discus                         n=  3 colorf=32 hue=2.50 solidity=0.93 aspect=1.20
[38/63] Freshwater angelfish           n= 66 colorf=30 hue=1.81 solidity=0.85 aspect=1.63
[39/63] Ram cichlid                    NO usable images
[40/63] Cockatoo dwarf cichlid         n=  2 colorf=47 hue=1.53 solidity=0.85 aspect=1.37
[41/63] Fairy cichlid                  n=  3 colorf=55 hue=2.27 solidity=0.84 aspect=1.92
[42/63] Blunthead cichlid              n= 35 colorf=26 hue=2.79 solidity=0.87 aspect=1.65
[43/63] Zebra mbuna                    n= 18 colorf=50 hue=2.76 solidity=0.85 aspect=1.88
[44/63] Powder-blue mbuna              NO usable images
[45/63] Peacock cichlid                n= 18 colorf=36 hue=3.14 solidity=0.87 aspect=2.19
[46/63] Boeseman's rainbowfish         NO usable images
[47/63] Dwarf neon rainbowfish         NO usable images
[48/63] Dwarf gourami                  n= 80 colorf=35 hue=2.73 solidity=0.90 aspect=1.79
[49/63] Three-spot gourami             n= 80 colorf=29 hue=2.33 solidity=0.90 aspect=1.93
[50/63] Paradise fish                  n= 80 colorf=34 hue=2.36 solidity=0.88 aspect=1.83
[51/63] Siamese fighting fish          n= 67 colorf=41 hue=3.14 solidity=0.82 aspect=1.88
[52/63] Three-spined stickleback       n= 80 colorf=34 hue=1.81 solidity=0.89 aspect=1.90
[53/63] Sailfin molly                  n= 80 colorf=27 hue=1.95 solidity=0.89 aspect=1.53
[54/63] Southern platyfish             n= 80 colorf=29 hue=1.71 solidity=0.91 aspect=1.59
[55/63] Green swordtail                n= 80 colorf=42 hue=2.41 solidity=0.85 aspect=1.78
[56/63] Guppy                          n= 80 colorf=32 hue=1.81 solidity=0.91 aspect=1.38
[57/63] Endler's livebearer            n= 32 colorf=22 hue=1.48 solidity=0.91 aspect=1.74
[58/63] Solor fairy wrasse             n= 80 colorf=58 hue=3.52 solidity=0.89 aspect=2.52
[59/63] Carpenter's flasher wrasse     n= 79 colorf=85 hue=2.91 solidity=0.88 aspect=2.20
[60/63] Mandarinfish                   n= 80 colorf=70 hue=3.79 solidity=0.81 aspect=1.56
[61/63] Psychedelic mandarin           n= 27 colorf=48 hue=3.17 solidity=0.84 aspect=1.71
[62/63] Common seahorse                n= 80 colorf=32 hue=2.48 solidity=0.85 aspect=1.56
[63/63] White-spotted pufferfish       n=  4 colorf=58 hue=0.92 solidity=0.94 aspect=2.20

Wrote metrics_per_image.csv (3844 images) and fish_metrics.csv (59 species)
