=== MALE ===
  [male] Red snapper                  1
  [male] Atlantic blue tang           1
  [male] Yellow tang                  2
  [male] Moorish idol                 3
  [male] Clown anemonefish            9
  [male] Blue-green chromis           1
  [male] Sapphire devil               12
  [male] Yellow boxfish               18
  [male] Bicolor angelfish            2
  [male] Bluehead wrasse              37
  [male] Quoy's parrotfish            2
  [male] Sea goldie (anthias)         40
  [male] Dwarf gourami                2
  [male] Three-spot gourami           40
  [male] Paradise fish                15
  [male] Siamese fighting fish        4
  [male] Three-spined stickleback     40
  [male] Sailfin molly                40
  [male] Southern platyfish           16
  [male] Green swordtail              40
  [male] Guppy                        40
  [male] Solor fairy wrasse           1
  [male] Mandarinfish                 2
  [male] Common seahorse              40
  [male] Giant trevally               1
  [male] Flathead mullet              4
  [male] Great barracuda              1
  [male] Pacific sardine              3
  [male] Bluestriped grunt            1
  [male] Swallowtail angelfish        40
  [male] Yellowtail coris             16
  [male] Bird wrasse                  40
  [male] Leopard wrasse               2
  [male] Spanish hogfish              2
  [male] Longfin fairy wrasse         3
  [male] Stoplight parrotfish         40
  [male] Bullethead parrotfish        24
  [male] Maroon clownfish             26
  [male] Tomato clownfish             19
  [male] Purple anthias               40
  [male] Peach anthias                14
  [male] Harlequin bass               1
  [male] Spotted boxfish              40
  [male] Redtooth triggerfish         2
  [male] Orange-lined triggerfish     26
  [male] Lined seahorse               40
  [male] Longsnout seahorse           40
  [male] Auratus cichlid              1
  [male] Midas cichlid                2
  [male] Turquoise killifish          2
  [male] Variable platyfish           29
  [male] Common molly                 16
  [male] Western mosquitofish         39
  [male] Pearl gourami                1
  [male] Peaceful betta               3
  [male] Bronze cory                  4
  [male] Bristlenose pleco            6
=== FEMALE ===
  [female] Cardinal tetra               1
  [female] Moorish idol                 5
  [female] Red lionfish                 4
  [female] Threadfin butterflyfish      1
  [female] Clown anemonefish            1
  [female] Orange clownfish             1
  [female] Blue-green chromis           16
  [female] Sapphire devil               7
  [female] Clown triggerfish            1
  [female] Picasso triggerfish          1
  [female] Yellow boxfish               35
  [female] Emperor angelfish            1
  [female] Bluehead wrasse              40
  [female] Cleaner wrasse               1
  [female] Quoy's parrotfish            40
  [female] Sea goldie (anthias)         40
  [female] Freshwater angelfish         1
  [female] Cockatoo dwarf cichlid       1
  [female] Dwarf gourami                3
  [female] Three-spot gourami           32
  [female] Paradise fish                36
  [female] Siamese fighting fish        15
  [female] Three-spined stickleback     40
  [female] Sailfin molly                40
  [female] Southern platyfish           1
  [female] Green swordtail              40
  [female] Guppy                        40
  [female] Solor fairy wrasse           19
  [female] Carpenter's flasher wrasse   21
  [female] Mandarinfish                 4
  [female] Common seahorse              40
  [female] White-spotted pufferfish     4
  [female] Bigeye scad                  1
  [female] Giant trevally               4
  [female] Bluestriped grunt            2
  [female] Orangespine unicornfish      2
  [female] Swallowtail angelfish        40
  [female] Yellowtail coris             20
  [female] Bird wrasse                  40
  [female] Leopard wrasse               21
  [female] Spanish hogfish              5
  [female] Filamented flasher wrasse    8
  [female] Stoplight parrotfish         40
  [female] Bullethead parrotfish        40
  [female] Maroon clownfish             8
  [female] Tomato clownfish             8
  [female] Blue chromis                 1
  [female] Purple anthias               40
  [female] Peach anthias                40
  [female] Harlequin bass               1
  [female] Yellow watchman goby         1
  [female] Scooter dragonet             1
  [female] Spotted boxfish              40
  [female] Orange-lined triggerfish     40
  [female] Lined seahorse               40
  [female] Longsnout seahorse           40
  [female] Banded pipefish              15
  [female] Burton's mouthbrooder        1
  [female] Electric blue ahli           1
  [female] Redfin hap                   1
  [female] Auratus cichlid              7
  [female] Fuelleborni mbuna            1
  [female] Venustus                     1
  [female] Midas cichlid                4
  [female] Jewel cichlid                3
  [female] Turquoise killifish          5
  [female] Lyretail killifish           6
  [female] Variable platyfish           40
  [female] Common molly                 7
  [female] Western mosquitofish         40
  [female] Chocolate gourami            2
  [female] Peaceful betta               8
  [female] Bristlenose pleco            3
done
