OMP: Info #276: omp_set_nested routine deprecated, please use omp_set_max_active_levels instead.
cached  19 masks  Indian oil sardine
cached  80 masks  Skipjack tuna
cached  80 masks  Red snapper
cached  80 masks  Nassau grouper
cached  80 masks  Atlantic blue tang
cached  80 masks  Blue tang
cached  80 masks  Yellow tang
cached  80 masks  Yellowfin goatfish
cached  20 masks  Cardinal tetra
cached   1 masks  Neon tetra
cached  80 masks  Zebrafish
cached  80 masks  Tiger barb
cached  80 masks  Harlequin rasbora
cached  80 masks  Moorish idol
cached  80 masks  Red lionfish
cached  80 masks  Threadfin butterflyfish
cached  80 masks  Raccoon butterflyfish
cached  80 masks  Clown anemonefish
cached  80 masks  Orange clownfish
cached  80 masks  Blue-green chromis
cached  80 masks  Humbug dascyllus
cached  80 masks  Sapphire devil
cached  80 masks  Neon goby
cached  80 masks  Bicolor blenny
cached  80 masks  Banggai cardinalfish
cached  80 masks  Clown triggerfish
cached  80 masks  Picasso triggerfish
cached  80 masks  Yellow boxfish
cached  80 masks  Longnose hawkfish
cached  80 masks  Emperor angelfish
cached  80 masks  Bicolor angelfish
cached  80 masks  Bluehead wrasse
cached  80 masks  Cleaner wrasse
cached  80 masks  Quoy's parrotfish
cached  80 masks  Sea goldie (anthias)
cached  29 masks  Frontosa cichlid
cached   3 masks  Discus
cached  67 masks  Freshwater angelfish
cached   0 masks  Ram cichlid
cached   2 masks  Cockatoo dwarf cichlid
cached   3 masks  Fairy cichlid
cached  39 masks  Blunthead cichlid
cached  18 masks  Zebra mbuna
cached   0 masks  Powder-blue mbuna
cached  18 masks  Peacock cichlid
cached   0 masks  Boeseman's rainbowfish
cached   0 masks  Dwarf neon rainbowfish
cached  80 masks  Dwarf gourami
cached  80 masks  Three-spot gourami
cached  80 masks  Paradise fish
cached  67 masks  Siamese fighting fish
cached  80 masks  Three-spined stickleback
cached  80 masks  Sailfin molly
cached  80 masks  Southern platyfish
cached  80 masks  Green swordtail
cached  80 masks  Guppy
cached  32 masks  Endler's livebearer
cached  80 masks  Solor fairy wrasse
cached  80 masks  Carpenter's flasher wrasse
cached  80 masks  Mandarinfish
cached  27 masks  Psychedelic mandarin
cached  80 masks  Common seahorse
cached   4 masks  White-spotted pufferfish
cached  80 masks  Indian mackerel
cached  80 masks  Bigeye scad
cached  80 masks  Giant trevally
cached  80 masks  Flathead mullet
cached  80 masks  Milkfish
cached  80 masks  Great barracuda
cached  80 masks  Pacific sardine
cached  80 masks  Bluestripe snapper
cached  80 masks  Bluestriped grunt
cached  80 masks  Powder blue tang
cached  80 masks  Purple tang
cached  79 masks  Sailfin tang
cached  80 masks  Orangespine unicornfish
cached  80 masks  Foxface rabbitfish
cached  80 masks  Masked butterflyfish
cached  80 masks  Pennant bannerfish
cached  80 masks  Longnose butterflyfish
cached  79 masks  Flame angelfish
cached  80 masks  Swallowtail angelfish
cached  80 masks  Queen angelfish
cached  80 masks  Regal angelfish
cached  80 masks  French angelfish
cached  80 masks  Rock beauty
cached  80 masks  Yellowtail coris
cached  80 masks  Bird wrasse
cached  80 masks  Leopard wrasse
cached  80 masks  Spanish hogfish
cached  80 masks  Sixline wrasse
cached  77 masks  Filamented flasher wrasse
cached  17 masks  Longfin fairy wrasse
cached  80 masks  Stoplight parrotfish
cached  80 masks  Bullethead parrotfish
cached  80 masks  Maroon clownfish
cached  79 masks  Tomato clownfish
cached  79 masks  Blue chromis
cached  80 masks  Bicolor damselfish
cached  80 masks  Royal gramma
cached  80 masks  Orchid dottyback
cached  80 masks  Royal dottyback
cached  80 masks  Purple anthias
cached  80 masks  Peach anthias
cached  80 masks  Barred hamlet
cached  80 masks  Harlequin bass
cached  80 masks  Fire goby
cached  80 masks  Elegant firefish
cached  80 masks  Yellow watchman goby
cached  80 masks  Yellowhead jawfish
cached  80 masks  Scooter dragonet
cached  80 masks  Spotted boxfish
cached  80 masks  Redtooth triggerfish
cached  80 masks  Orange-lined triggerfish
cached  80 masks  Valentini puffer
cached  80 masks  Lined seahorse
cached  80 masks  Longsnout seahorse
cached  80 masks  Banded pipefish
cached  21 masks  Burton's mouthbrooder
cached   0 masks  Pundamilia
cached   1 masks  Electric blue ahli
cached  12 masks  Redfin hap
cached   8 masks  Yellow lab
cached  70 masks  Auratus cichlid
cached  52 masks  Fuelleborni mbuna
cached  19 masks  Venustus
cached   3 masks  Marlier's julie
cached   0 masks  Shell-dweller cichlid
cached  26 masks  Daffodil cichlid
cached  80 masks  Midas cichlid
cached  79 masks  Firemouth cichlid
cached   1 masks  Kribensis
cached  48 masks  Jewel cichlid
cached  80 masks  Blue acara
cached  56 masks  Eartheater cichlid
cached   0 masks  Rachow's nothobranch
cached   8 masks  Turquoise killifish
cached   0 masks  Blue lyretail killifish
cached  14 masks  Lyretail killifish
cached  80 masks  Variable platyfish
cached  80 masks  Common molly
cached   0 masks  Metallic livebearer
cached  80 masks  Western mosquitofish
cached   3 masks  Red rainbowfish
cached   0 masks  Forktail blue-eye
cached  76 masks  Pearl gourami
cached   7 masks  Honey gourami
cached  79 masks  Chocolate gourami
cached  80 masks  Peaceful betta
cached   0 masks  Emperor tetra
cached   2 masks  Lemon tetra
cached   1 masks  Glowlight tetra
cached  49 masks  Rosy barb
cached   0 masks  Celestial pearl danio
cached  80 masks  Bronze cory
cached  28 masks  Bristlenose pleco
