OMP: Info #276: omp_set_nested routine deprecated, please use omp_set_max_active_levels instead.
cached  19 masks  Indian oil sardine
cached  80 masks  Skipjack tuna
cached  80 masks  Red snapper
cached  80 masks  Nassau grouper
cached  80 masks  Atlantic blue tang
cached  80 masks  Blue tang
cached  79 masks  Yellow tang
cached  80 masks  Yellowfin goatfish
cached  20 masks  Cardinal tetra
cached   1 masks  Neon tetra
cached  80 masks  Zebrafish
cached  80 masks  Tiger barb
cached  80 masks  Harlequin rasbora
cached  79 masks  Moorish idol
cached  80 masks  Red lionfish
cached  80 masks  Threadfin butterflyfish
cached  80 masks  Raccoon butterflyfish
cached  80 masks  Clown anemonefish
cached  80 masks  Orange clownfish
cached  80 masks  Blue-green chromis
cached  80 masks  Humbug dascyllus
cached  80 masks  Sapphire devil
cached  80 masks  Neon goby
cached  80 masks  Bicolor blenny
cached  80 masks  Banggai cardinalfish
cached  80 masks  Clown triggerfish
cached  80 masks  Picasso triggerfish
cached  80 masks  Yellow boxfish
cached  80 masks  Longnose hawkfish
cached  80 masks  Emperor angelfish
cached  80 masks  Bicolor angelfish
cached  80 masks  Bluehead wrasse
cached  80 masks  Cleaner wrasse
cached  80 masks  Quoy's parrotfish
cached  80 masks  Sea goldie (anthias)
cached  29 masks  Frontosa cichlid
cached   3 masks  Discus
cached  67 masks  Freshwater angelfish
cached   0 masks  Ram cichlid
cached   2 masks  Cockatoo dwarf cichlid
cached   3 masks  Fairy cichlid
cached  39 masks  Blunthead cichlid
cached  18 masks  Zebra mbuna
cached   0 masks  Powder-blue mbuna
cached  18 masks  Peacock cichlid
cached   0 masks  Boeseman's rainbowfish
cached   0 masks  Dwarf neon rainbowfish
cached  80 masks  Dwarf gourami
cached  80 masks  Three-spot gourami
cached  80 masks  Paradise fish
cached  67 masks  Siamese fighting fish
cached  80 masks  Three-spined stickleback
cached  80 masks  Sailfin molly
cached  80 masks  Southern platyfish
cached  80 masks  Green swordtail
cached  80 masks  Guppy
cached  32 masks  Endler's livebearer
cached  80 masks  Solor fairy wrasse
cached  80 masks  Carpenter's flasher wrasse
cached  80 masks  Mandarinfish
cached  27 masks  Psychedelic mandarin
cached  80 masks  Common seahorse
cached   4 masks  White-spotted pufferfish
